2025-05-10 00:19:19.658 [Test worker] INFO  c.e.t.TemplateApplicationTests [traceId=,spanId=,component=,userId=] - Starting TemplateApplicationTests using Java 17.0.14 with PID 29932 (started by developer in C:\shared\github\srinivaspt\code-templates)
2025-05-10 00:19:19.663 [Test worker] INFO  c.e.t.TemplateApplicationTests [traceId=,spanId=,component=,userId=] - No active profile set, falling back to 1 default profile: "default"
2025-05-10 00:19:20.453 [Test worker] INFO  o.s.d.r.c.RepositoryConfigurationDelegate [traceId=,spanId=,component=,userId=] - Bootstrapping Spring Data JPA repositories in DEFAULT mode.
2025-05-10 00:19:20.533 [Test worker] INFO  o.s.d.r.c.RepositoryConfigurationDelegate [traceId=,spanId=,component=,userId=] - Finished Spring Data repository scanning in 66 ms. Found 1 JPA repository interface.
2025-05-10 00:19:21.257 [Test worker] INFO  o.s.o.j.p.SpringPersistenceUnitInfo [traceId=,spanId=,component=,userId=] - No LoadTimeWeaver setup: ignoring JPA class transformer
2025-05-10 00:19:21.291 [Test worker] INFO  com.zaxxer.hikari.HikariDataSource [traceId=,spanId=,component=,userId=] - HikariPool-1 - Starting...
2025-05-10 00:19:21.580 [Test worker] INFO  com.zaxxer.hikari.pool.HikariPool [traceId=,spanId=,component=,userId=] - HikariPool-1 - Added connection com.mysql.cj.jdbc.ConnectionImpl@35e357b
2025-05-10 00:19:21.581 [Test worker] INFO  com.zaxxer.hikari.HikariDataSource [traceId=,spanId=,component=,userId=] - HikariPool-1 - Start completed.
2025-05-10 00:19:21.638 [Test worker] WARN  org.hibernate.orm.deprecation [traceId=,spanId=,component=,userId=] - HHH90000025: MySQL8Dialect does not need to be specified explicitly using 'hibernate.dialect' (remove the property setting and it will be selected by default)
2025-05-10 00:19:21.640 [Test worker] WARN  org.hibernate.orm.deprecation [traceId=,spanId=,component=,userId=] - HHH90000026: MySQL8Dialect has been deprecated; use org.hibernate.dialect.MySQLDialect instead
2025-05-10 00:19:22.545 [Test worker] INFO  o.s.o.j.LocalContainerEntityManagerFactoryBean [traceId=,spanId=,component=,userId=] - Initialized JPA EntityManagerFactory for persistence unit 'default'
2025-05-10 00:19:22.554 [Test worker] WARN  o.s.w.c.s.GenericWebApplicationContext [traceId=,spanId=,component=,userId=] - Exception encountered during context initialization - cancelling refresh attempt: org.springframework.boot.context.properties.ConfigurationPropertiesBindException: Error creating bean with name 'logRedactionProperties': Could not bind properties to 'LogRedactionProperties' : prefix=logging.redaction, ignoreInvalidFields=false, ignoreUnknownFields=true
2025-05-10 00:19:22.554 [Test worker] INFO  o.s.o.j.LocalContainerEntityManagerFactoryBean [traceId=,spanId=,component=,userId=] - Closing JPA EntityManagerFactory for persistence unit 'default'
2025-05-10 00:19:22.556 [Test worker] INFO  com.zaxxer.hikari.HikariDataSource [traceId=,spanId=,component=,userId=] - HikariPool-1 - Shutdown initiated...
2025-05-10 00:19:22.564 [Test worker] INFO  com.zaxxer.hikari.HikariDataSource [traceId=,spanId=,component=,userId=] - HikariPool-1 - Shutdown completed.
2025-05-10 00:19:22.607 [Test worker] INFO  o.s.b.a.l.ConditionEvaluationReportLogger [traceId=,spanId=,component=,userId=] - 

Error starting ApplicationContext. To display the condition evaluation report re-run your application with 'debug' enabled.
2025-05-10 00:19:22.640 [Test worker] ERROR o.s.b.d.LoggingFailureAnalysisReporter [traceId=,spanId=,component=,userId=] - 

***************************
APPLICATION FAILED TO START
***************************

Description:

Failed to bind properties under 'logging.redaction.field-types' to java.util.Map<java.lang.String, java.lang.String>:

    Property: logging.redaction.field-types
    Value: "creditCard=CREDIT_CARD,email=EMAIL,phone=PHONE,ssn=SSN,socialSecurity=SSN,address=ADDRESS"
    Origin: class path resource [application.properties] - 25:31
    Reason: org.springframework.core.convert.ConverterNotFoundException: No converter found capable of converting from type [java.lang.String] to type [java.util.Map<java.lang.String, java.lang.String>]

Action:

Update your application's configuration

2025-05-10 00:19:22.645 [Test worker] WARN  o.s.test.context.TestContextManager [traceId=,spanId=,component=,userId=] - Caught exception while allowing TestExecutionListener [org.springframework.test.context.web.ServletTestExecutionListener] to prepare test instance [com.edge.template.TemplateApplicationTests@53f18591]
java.lang.IllegalStateException: Failed to load ApplicationContext for [WebMergedContextConfiguration@7fec6c2f testClass = com.edge.template.TemplateApplicationTests, locations = [], classes = [com.edge.TemplateApplication], contextInitializerClasses = [], activeProfiles = [], propertySourceDescriptors = [], propertySourceProperties = ["org.springframework.boot.test.context.SpringBootTestContextBootstrapper=true"], contextCustomizers = [org.springframework.boot.test.autoconfigure.OnFailureConditionReportContextCustomizerFactory$OnFailureConditionReportContextCustomizer@6850b758, org.springframework.boot.test.autoconfigure.actuate.observability.ObservabilityContextCustomizerFactory$DisableObservabilityContextCustomizer@1f, org.springframework.boot.test.autoconfigure.properties.PropertyMappingContextCustomizer@0, org.springframework.boot.test.autoconfigure.web.servlet.WebDriverContextCustomizer@15383681, org.springframework.boot.test.context.filter.ExcludeFilterContextCustomizer@71978f46, org.springframework.boot.test.json.DuplicateJsonObjectContextCustomizerFactory$DuplicateJsonObjectContextCustomizer@cf518cf, org.springframework.boot.test.mock.mockito.MockitoContextCustomizer@0, org.springframework.boot.test.web.client.TestRestTemplateContextCustomizer@4af70944, org.springframework.boot.test.web.reactor.netty.DisableReactorResourceFactoryGlobalResourcesContextCustomizerFactory$DisableReactorResourceFactoryGlobalResourcesContextCustomizerCustomizer@302edb74, org.springframework.test.context.support.DynamicPropertiesContextCustomizer@0, org.springframework.boot.test.context.SpringBootTestAnnotation@23115b67], resourceBasePath = "src/main/webapp", contextLoader = org.springframework.boot.test.context.SpringBootContextLoader, parent = null]
	at org.springframework.test.context.cache.DefaultCacheAwareContextLoaderDelegate.loadContext(DefaultCacheAwareContextLoaderDelegate.java:180)
	at org.springframework.test.context.support.DefaultTestContext.getApplicationContext(DefaultTestContext.java:130)
	at org.springframework.test.context.web.ServletTestExecutionListener.setUpRequestContextIfNecessary(ServletTestExecutionListener.java:200)
	at org.springframework.test.context.web.ServletTestExecutionListener.prepareTestInstance(ServletTestExecutionListener.java:139)
	at org.springframework.test.context.TestContextManager.prepareTestInstance(TestContextManager.java:260)
	at org.springframework.test.context.junit.jupiter.SpringExtension.postProcessTestInstance(SpringExtension.java:159)
	at org.junit.jupiter.engine.descriptor.ClassBasedTestDescriptor.lambda$invokeTestInstancePostProcessors$11(ClassBasedTestDescriptor.java:378)
	at org.junit.jupiter.engine.descriptor.ClassBasedTestDescriptor.executeAndMaskThrowable(ClassBasedTestDescriptor.java:383)
	at org.junit.jupiter.engine.descriptor.ClassBasedTestDescriptor.lambda$invokeTestInstancePostProcessors$12(ClassBasedTestDescriptor.java:378)
	at java.base/java.util.stream.ForEachOps$ForEachOp$OfRef.accept(ForEachOps.java:183)
	at java.base/java.util.stream.ReferencePipeline$3$1.accept(ReferencePipeline.java:197)
	at java.base/java.util.stream.ReferencePipeline$2$1.accept(ReferencePipeline.java:179)
	at java.base/java.util.stream.ReferencePipeline$3$1.accept(ReferencePipeline.java:197)
	at java.base/java.util.ArrayList$ArrayListSpliterator.forEachRemaining(ArrayList.java:1625)
	at java.base/java.util.stream.AbstractPipeline.copyInto(AbstractPipeline.java:509)
	at java.base/java.util.stream.AbstractPipeline.wrapAndCopyInto(AbstractPipeline.java:499)
	at java.base/java.util.stream.ForEachOps$ForEachOp.evaluateSequential(ForEachOps.java:150)
	at java.base/java.util.stream.ForEachOps$ForEachOp$OfRef.evaluateSequential(ForEachOps.java:173)
	at java.base/java.util.stream.AbstractPipeline.evaluate(AbstractPipeline.java:234)
	at java.base/java.util.stream.ReferencePipeline.forEach(ReferencePipeline.java:596)
	at org.junit.jupiter.engine.descriptor.ClassBasedTestDescriptor.invokeTestInstancePostProcessors(ClassBasedTestDescriptor.java:377)
	at org.junit.jupiter.engine.descriptor.ClassBasedTestDescriptor.lambda$instantiateAndPostProcessTestInstance$7(ClassBasedTestDescriptor.java:290)
	at org.junit.platform.engine.support.hierarchical.ThrowableCollector.execute(ThrowableCollector.java:73)
	at org.junit.jupiter.engine.descriptor.ClassBasedTestDescriptor.instantiateAndPostProcessTestInstance(ClassBasedTestDescriptor.java:289)
	at org.junit.jupiter.engine.descriptor.ClassBasedTestDescriptor.lambda$testInstancesProvider$5(ClassBasedTestDescriptor.java:279)
	at java.base/java.util.Optional.orElseGet(Optional.java:364)
	at org.junit.jupiter.engine.descriptor.ClassBasedTestDescriptor.lambda$testInstancesProvider$6(ClassBasedTestDescriptor.java:278)
	at org.junit.jupiter.engine.execution.TestInstancesProvider.getTestInstances(TestInstancesProvider.java:31)
	at org.junit.jupiter.engine.descriptor.TestMethodTestDescriptor.lambda$prepare$1(TestMethodTestDescriptor.java:105)
	at org.junit.platform.engine.support.hierarchical.ThrowableCollector.execute(ThrowableCollector.java:73)
	at org.junit.jupiter.engine.descriptor.TestMethodTestDescriptor.prepare(TestMethodTestDescriptor.java:104)
	at org.junit.jupiter.engine.descriptor.TestMethodTestDescriptor.prepare(TestMethodTestDescriptor.java:68)
	at org.junit.platform.engine.support.hierarchical.NodeTestTask.lambda$prepare$2(NodeTestTask.java:128)
	at org.junit.platform.engine.support.hierarchical.ThrowableCollector.execute(ThrowableCollector.java:73)
	at org.junit.platform.engine.support.hierarchical.NodeTestTask.prepare(NodeTestTask.java:128)
	at org.junit.platform.engine.support.hierarchical.NodeTestTask.execute(NodeTestTask.java:95)
	at java.base/java.util.ArrayList.forEach(ArrayList.java:1511)
	at org.junit.platform.engine.support.hierarchical.SameThreadHierarchicalTestExecutorService.invokeAll(SameThreadHierarchicalTestExecutorService.java:41)
	at org.junit.platform.engine.support.hierarchical.NodeTestTask.lambda$executeRecursively$6(NodeTestTask.java:160)
	at org.junit.platform.engine.support.hierarchical.ThrowableCollector.execute(ThrowableCollector.java:73)
	at org.junit.platform.engine.support.hierarchical.NodeTestTask.lambda$executeRecursively$8(NodeTestTask.java:146)
	at org.junit.platform.engine.support.hierarchical.Node.around(Node.java:137)
	at org.junit.platform.engine.support.hierarchical.NodeTestTask.lambda$executeRecursively$9(NodeTestTask.java:144)
	at org.junit.platform.engine.support.hierarchical.ThrowableCollector.execute(ThrowableCollector.java:73)
	at org.junit.platform.engine.support.hierarchical.NodeTestTask.executeRecursively(NodeTestTask.java:143)
	at org.junit.platform.engine.support.hierarchical.NodeTestTask.execute(NodeTestTask.java:100)
	at java.base/java.util.ArrayList.forEach(ArrayList.java:1511)
	at org.junit.platform.engine.support.hierarchical.SameThreadHierarchicalTestExecutorService.invokeAll(SameThreadHierarchicalTestExecutorService.java:41)
	at org.junit.platform.engine.support.hierarchical.NodeTestTask.lambda$executeRecursively$6(NodeTestTask.java:160)
	at org.junit.platform.engine.support.hierarchical.ThrowableCollector.execute(ThrowableCollector.java:73)
	at org.junit.platform.engine.support.hierarchical.NodeTestTask.lambda$executeRecursively$8(NodeTestTask.java:146)
	at org.junit.platform.engine.support.hierarchical.Node.around(Node.java:137)
	at org.junit.platform.engine.support.hierarchical.NodeTestTask.lambda$executeRecursively$9(NodeTestTask.java:144)
	at org.junit.platform.engine.support.hierarchical.ThrowableCollector.execute(ThrowableCollector.java:73)
	at org.junit.platform.engine.support.hierarchical.NodeTestTask.executeRecursively(NodeTestTask.java:143)
	at org.junit.platform.engine.support.hierarchical.NodeTestTask.execute(NodeTestTask.java:100)
	at org.junit.platform.engine.support.hierarchical.SameThreadHierarchicalTestExecutorService.submit(SameThreadHierarchicalTestExecutorService.java:35)
	at org.junit.platform.engine.support.hierarchical.HierarchicalTestExecutor.execute(HierarchicalTestExecutor.java:57)
	at org.junit.platform.engine.support.hierarchical.HierarchicalTestEngine.execute(HierarchicalTestEngine.java:54)
	at org.junit.platform.launcher.core.EngineExecutionOrchestrator.execute(EngineExecutionOrchestrator.java:198)
	at org.junit.platform.launcher.core.EngineExecutionOrchestrator.execute(EngineExecutionOrchestrator.java:169)
	at org.junit.platform.launcher.core.EngineExecutionOrchestrator.execute(EngineExecutionOrchestrator.java:93)
	at org.junit.platform.launcher.core.EngineExecutionOrchestrator.lambda$execute$0(EngineExecutionOrchestrator.java:58)
	at org.junit.platform.launcher.core.EngineExecutionOrchestrator.withInterceptedStreams(EngineExecutionOrchestrator.java:141)
	at org.junit.platform.launcher.core.EngineExecutionOrchestrator.execute(EngineExecutionOrchestrator.java:57)
	at org.junit.platform.launcher.core.DefaultLauncher.execute(DefaultLauncher.java:103)
	at org.junit.platform.launcher.core.DefaultLauncher.execute(DefaultLauncher.java:85)
	at org.junit.platform.launcher.core.DelegatingLauncher.execute(DelegatingLauncher.java:47)
	at org.gradle.api.internal.tasks.testing.junitplatform.JUnitPlatformTestClassProcessor$CollectAllTestClassesExecutor.processAllTestClasses(JUnitPlatformTestClassProcessor.java:124)
	at org.gradle.api.internal.tasks.testing.junitplatform.JUnitPlatformTestClassProcessor$CollectAllTestClassesExecutor.access$000(JUnitPlatformTestClassProcessor.java:99)
	at org.gradle.api.internal.tasks.testing.junitplatform.JUnitPlatformTestClassProcessor.stop(JUnitPlatformTestClassProcessor.java:94)
	at org.gradle.api.internal.tasks.testing.SuiteTestClassProcessor.stop(SuiteTestClassProcessor.java:63)
	at java.base/jdk.internal.reflect.NativeMethodAccessorImpl.invoke0(Native Method)
	at java.base/jdk.internal.reflect.NativeMethodAccessorImpl.invoke(NativeMethodAccessorImpl.java:77)
	at java.base/jdk.internal.reflect.DelegatingMethodAccessorImpl.invoke(DelegatingMethodAccessorImpl.java:43)
	at java.base/java.lang.reflect.Method.invoke(Method.java:569)
	at org.gradle.internal.dispatch.ReflectionDispatch.dispatch(ReflectionDispatch.java:36)
	at org.gradle.internal.dispatch.ReflectionDispatch.dispatch(ReflectionDispatch.java:24)
	at org.gradle.internal.dispatch.ContextClassLoaderDispatch.dispatch(ContextClassLoaderDispatch.java:33)
	at org.gradle.internal.dispatch.ProxyDispatchAdapter$DispatchingInvocationHandler.invoke(ProxyDispatchAdapter.java:92)
	at jdk.proxy1/jdk.proxy1.$Proxy4.stop(Unknown Source)
	at org.gradle.api.internal.tasks.testing.worker.TestWorker$3.run(TestWorker.java:200)
	at org.gradle.api.internal.tasks.testing.worker.TestWorker.executeAndMaintainThreadName(TestWorker.java:132)
	at org.gradle.api.internal.tasks.testing.worker.TestWorker.execute(TestWorker.java:103)
	at org.gradle.api.internal.tasks.testing.worker.TestWorker.execute(TestWorker.java:63)
	at org.gradle.process.internal.worker.child.ActionExecutionWorker.execute(ActionExecutionWorker.java:56)
	at org.gradle.process.internal.worker.child.SystemApplicationClassLoaderWorker.call(SystemApplicationClassLoaderWorker.java:121)
	at org.gradle.process.internal.worker.child.SystemApplicationClassLoaderWorker.call(SystemApplicationClassLoaderWorker.java:71)
	at worker.org.gradle.process.internal.worker.GradleWorkerMain.run(GradleWorkerMain.java:69)
	at worker.org.gradle.process.internal.worker.GradleWorkerMain.main(GradleWorkerMain.java:74)
Caused by: org.springframework.boot.context.properties.ConfigurationPropertiesBindException: Error creating bean with name 'logRedactionProperties': Could not bind properties to 'LogRedactionProperties' : prefix=logging.redaction, ignoreInvalidFields=false, ignoreUnknownFields=true
	at org.springframework.boot.context.properties.ConfigurationPropertiesBindingPostProcessor.bind(ConfigurationPropertiesBindingPostProcessor.java:99)
	at org.springframework.boot.context.properties.ConfigurationPropertiesBindingPostProcessor.postProcessBeforeInitialization(ConfigurationPropertiesBindingPostProcessor.java:79)
	at org.springframework.beans.factory.support.AbstractAutowireCapableBeanFactory.applyBeanPostProcessorsBeforeInitialization(AbstractAutowireCapableBeanFactory.java:429)
	at org.springframework.beans.factory.support.AbstractAutowireCapableBeanFactory.initializeBean(AbstractAutowireCapableBeanFactory.java:1810)
	at org.springframework.beans.factory.support.AbstractAutowireCapableBeanFactory.doCreateBean(AbstractAutowireCapableBeanFactory.java:607)
	at org.springframework.beans.factory.support.AbstractAutowireCapableBeanFactory.createBean(AbstractAutowireCapableBeanFactory.java:529)
	at org.springframework.beans.factory.support.AbstractBeanFactory.lambda$doGetBean$0(AbstractBeanFactory.java:339)
	at org.springframework.beans.factory.support.DefaultSingletonBeanRegistry.getSingleton(DefaultSingletonBeanRegistry.java:371)
	at org.springframework.beans.factory.support.AbstractBeanFactory.doGetBean(AbstractBeanFactory.java:337)
	at org.springframework.beans.factory.support.AbstractBeanFactory.getBean(AbstractBeanFactory.java:202)
	at org.springframework.beans.factory.support.DefaultListableBeanFactory.instantiateSingleton(DefaultListableBeanFactory.java:1221)
	at org.springframework.beans.factory.support.DefaultListableBeanFactory.preInstantiateSingleton(DefaultListableBeanFactory.java:1187)
	at org.springframework.beans.factory.support.DefaultListableBeanFactory.preInstantiateSingletons(DefaultListableBeanFactory.java:1122)
	at org.springframework.context.support.AbstractApplicationContext.finishBeanFactoryInitialization(AbstractApplicationContext.java:987)
	at org.springframework.context.support.AbstractApplicationContext.refresh(AbstractApplicationContext.java:627)
	at org.springframework.boot.SpringApplication.refresh(SpringApplication.java:753)
	at org.springframework.boot.SpringApplication.refreshContext(SpringApplication.java:439)
	at org.springframework.boot.SpringApplication.run(SpringApplication.java:318)
	at org.springframework.boot.test.context.SpringBootContextLoader.lambda$loadContext$3(SpringBootContextLoader.java:144)
	at org.springframework.util.function.ThrowingSupplier.get(ThrowingSupplier.java:58)
	at org.springframework.util.function.ThrowingSupplier.get(ThrowingSupplier.java:46)
	at org.springframework.boot.SpringApplication.withHook(SpringApplication.java:1462)
	at org.springframework.boot.test.context.SpringBootContextLoader$ContextLoaderHook.run(SpringBootContextLoader.java:563)
	at org.springframework.boot.test.context.SpringBootContextLoader.loadContext(SpringBootContextLoader.java:144)
	at org.springframework.boot.test.context.SpringBootContextLoader.loadContext(SpringBootContextLoader.java:110)
	at org.springframework.test.context.cache.DefaultCacheAwareContextLoaderDelegate.loadContextInternal(DefaultCacheAwareContextLoaderDelegate.java:225)
	at org.springframework.test.context.cache.DefaultCacheAwareContextLoaderDelegate.loadContext(DefaultCacheAwareContextLoaderDelegate.java:152)
	... 89 common frames omitted
Caused by: org.springframework.boot.context.properties.bind.BindException: Failed to bind properties under 'logging.redaction.field-types' to java.util.Map<java.lang.String, java.lang.String>
	at org.springframework.boot.context.properties.bind.Binder.handleBindError(Binder.java:391)
	at org.springframework.boot.context.properties.bind.Binder.bind(Binder.java:354)
	at org.springframework.boot.context.properties.bind.Binder.lambda$bindDataObject$5(Binder.java:477)
	at org.springframework.boot.context.properties.bind.JavaBeanBinder.bind(JavaBeanBinder.java:100)
	at org.springframework.boot.context.properties.bind.JavaBeanBinder.bind(JavaBeanBinder.java:88)
	at org.springframework.boot.context.properties.bind.JavaBeanBinder.bind(JavaBeanBinder.java:64)
	at org.springframework.boot.context.properties.bind.Binder.lambda$bindDataObject$6(Binder.java:480)
	at java.base/java.util.stream.ReferencePipeline$3$1.accept(ReferencePipeline.java:197)
	at java.base/java.util.AbstractList$RandomAccessSpliterator.tryAdvance(AbstractList.java:706)
	at java.base/java.util.stream.ReferencePipeline.forEachWithCancel(ReferencePipeline.java:129)
	at java.base/java.util.stream.AbstractPipeline.copyIntoWithCancel(AbstractPipeline.java:527)
	at java.base/java.util.stream.AbstractPipeline.copyInto(AbstractPipeline.java:513)
	at java.base/java.util.stream.AbstractPipeline.wrapAndCopyInto(AbstractPipeline.java:499)
	at java.base/java.util.stream.FindOps$FindOp.evaluateSequential(FindOps.java:150)
	at java.base/java.util.stream.AbstractPipeline.evaluate(AbstractPipeline.java:234)
	at java.base/java.util.stream.ReferencePipeline.findFirst(ReferencePipeline.java:647)
	at org.springframework.boot.context.properties.bind.Binder.fromDataObjectBinders(Binder.java:488)
	at org.springframework.boot.context.properties.bind.Binder.lambda$bindDataObject$7(Binder.java:479)
	at org.springframework.boot.context.properties.bind.Binder$Context.withIncreasedDepth(Binder.java:597)
	at org.springframework.boot.context.properties.bind.Binder$Context.withDataObject(Binder.java:583)
	at org.springframework.boot.context.properties.bind.Binder.bindDataObject(Binder.java:479)
	at org.springframework.boot.context.properties.bind.Binder.bindObject(Binder.java:418)
	at org.springframework.boot.context.properties.bind.Binder.bind(Binder.java:350)
	at org.springframework.boot.context.properties.bind.Binder.bind(Binder.java:339)
	at org.springframework.boot.context.properties.bind.Binder.bind(Binder.java:269)
	at org.springframework.boot.context.properties.bind.Binder.bind(Binder.java:256)
	at org.springframework.boot.context.properties.ConfigurationPropertiesBinder.bind(ConfigurationPropertiesBinder.java:94)
	at org.springframework.boot.context.properties.ConfigurationPropertiesBindingPostProcessor.bind(ConfigurationPropertiesBindingPostProcessor.java:96)
	... 115 common frames omitted
Caused by: org.springframework.core.convert.ConverterNotFoundException: No converter found capable of converting from type [java.lang.String] to type [java.util.Map<java.lang.String, java.lang.String>]
	at org.springframework.boot.context.properties.bind.BindConverter.convert(BindConverter.java:119)
	at org.springframework.boot.context.properties.bind.BindConverter.convert(BindConverter.java:101)
	at org.springframework.boot.context.properties.bind.BindConverter.convert(BindConverter.java:93)
	at org.springframework.boot.context.properties.bind.MapBinder.bindAggregate(MapBinder.java:65)
	at org.springframework.boot.context.properties.bind.AggregateBinder.bind(AggregateBinder.java:56)
	at org.springframework.boot.context.properties.bind.Binder.lambda$bindAggregate$4(Binder.java:442)
	at org.springframework.boot.context.properties.bind.Binder$Context.withIncreasedDepth(Binder.java:597)
	at org.springframework.boot.context.properties.bind.Binder.bindAggregate(Binder.java:442)
	at org.springframework.boot.context.properties.bind.Binder.bindObject(Binder.java:403)
	at org.springframework.boot.context.properties.bind.Binder.bind(Binder.java:350)
	... 141 common frames omitted
2025-05-10 00:23:57.868 [Test worker] INFO  c.e.t.TemplateApplicationTests [traceId=,spanId=,component=,userId=] - Starting TemplateApplicationTests using Java 17.0.14 with PID 38288 (started by developer in C:\shared\github\srinivaspt\code-templates)
2025-05-10 00:23:57.872 [Test worker] INFO  c.e.t.TemplateApplicationTests [traceId=,spanId=,component=,userId=] - No active profile set, falling back to 1 default profile: "default"
2025-05-10 00:23:58.648 [Test worker] INFO  o.s.d.r.c.RepositoryConfigurationDelegate [traceId=,spanId=,component=,userId=] - Bootstrapping Spring Data JPA repositories in DEFAULT mode.
2025-05-10 00:23:58.736 [Test worker] INFO  o.s.d.r.c.RepositoryConfigurationDelegate [traceId=,spanId=,component=,userId=] - Finished Spring Data repository scanning in 71 ms. Found 1 JPA repository interface.
2025-05-10 00:23:59.469 [Test worker] INFO  o.s.o.j.p.SpringPersistenceUnitInfo [traceId=,spanId=,component=,userId=] - No LoadTimeWeaver setup: ignoring JPA class transformer
2025-05-10 00:23:59.510 [Test worker] INFO  com.zaxxer.hikari.HikariDataSource [traceId=,spanId=,component=,userId=] - HikariPool-1 - Starting...
2025-05-10 00:23:59.804 [Test worker] INFO  com.zaxxer.hikari.pool.HikariPool [traceId=,spanId=,component=,userId=] - HikariPool-1 - Added connection com.mysql.cj.jdbc.ConnectionImpl@6fbfd28b
2025-05-10 00:23:59.806 [Test worker] INFO  com.zaxxer.hikari.HikariDataSource [traceId=,spanId=,component=,userId=] - HikariPool-1 - Start completed.
2025-05-10 00:23:59.845 [Test worker] WARN  org.hibernate.orm.deprecation [traceId=,spanId=,component=,userId=] - HHH90000025: MySQL8Dialect does not need to be specified explicitly using 'hibernate.dialect' (remove the property setting and it will be selected by default)
2025-05-10 00:23:59.846 [Test worker] WARN  org.hibernate.orm.deprecation [traceId=,spanId=,component=,userId=] - HHH90000026: MySQL8Dialect has been deprecated; use org.hibernate.dialect.MySQLDialect instead
2025-05-10 00:24:00.742 [Test worker] INFO  o.s.o.j.LocalContainerEntityManagerFactoryBean [traceId=,spanId=,component=,userId=] - Initialized JPA EntityManagerFactory for persistence unit 'default'
2025-05-10 00:24:01.075 [Test worker] WARN  o.s.b.a.o.j.JpaBaseConfiguration$JpaWebConfiguration [traceId=,spanId=,component=,userId=] - spring.jpa.open-in-view is enabled by default. Therefore, database queries may be performed during view rendering. Explicitly configure spring.jpa.open-in-view to disable this warning
2025-05-10 00:24:01.266 [Test worker] INFO  o.s.s.c.a.a.c.InitializeUserDetailsBeanManagerConfigurer$InitializeUserDetailsManagerConfigurer [traceId=,spanId=,component=,userId=] - Global AuthenticationManager configured with UserDetailsService bean with name userDetailsService
2025-05-10 00:24:02.056 [Test worker] INFO  c.e.t.TemplateApplicationTests [traceId=,spanId=,component=,userId=] - Started TemplateApplicationTests in 4.579 seconds (process running for 6.773)
2025-05-10 00:24:02.097 [SpringApplicationShutdownHook] INFO  o.s.o.j.LocalContainerEntityManagerFactoryBean [traceId=,spanId=,component=,userId=] - Closing JPA EntityManagerFactory for persistence unit 'default'
2025-05-10 00:24:02.100 [SpringApplicationShutdownHook] INFO  com.zaxxer.hikari.HikariDataSource [traceId=,spanId=,component=,userId=] - HikariPool-1 - Shutdown initiated...
2025-05-10 00:24:02.108 [SpringApplicationShutdownHook] INFO  com.zaxxer.hikari.HikariDataSource [traceId=,spanId=,component=,userId=] - HikariPool-1 - Shutdown completed.
2025-05-10 00:30:31.210 [Test worker] INFO  c.e.t.TemplateApplicationTests [traceId=,spanId=,component=,userId=] - Starting TemplateApplicationTests using Java 17.0.14 with PID 2104 (started by developer in C:\shared\github\srinivaspt\code-templates)
2025-05-10 00:30:31.214 [Test worker] INFO  c.e.t.TemplateApplicationTests [traceId=,spanId=,component=,userId=] - No active profile set, falling back to 1 default profile: "default"
2025-05-10 00:30:31.963 [Test worker] INFO  o.s.d.r.c.RepositoryConfigurationDelegate [traceId=,spanId=,component=,userId=] - Bootstrapping Spring Data JPA repositories in DEFAULT mode.
2025-05-10 00:30:32.046 [Test worker] INFO  o.s.d.r.c.RepositoryConfigurationDelegate [traceId=,spanId=,component=,userId=] - Finished Spring Data repository scanning in 68 ms. Found 1 JPA repository interface.
2025-05-10 00:30:32.756 [Test worker] INFO  o.s.o.j.p.SpringPersistenceUnitInfo [traceId=,spanId=,component=,userId=] - No LoadTimeWeaver setup: ignoring JPA class transformer
2025-05-10 00:30:32.790 [Test worker] INFO  com.zaxxer.hikari.HikariDataSource [traceId=,spanId=,component=,userId=] - HikariPool-1 - Starting...
2025-05-10 00:30:33.086 [Test worker] INFO  com.zaxxer.hikari.pool.HikariPool [traceId=,spanId=,component=,userId=] - HikariPool-1 - Added connection com.mysql.cj.jdbc.ConnectionImpl@3fa50a24
2025-05-10 00:30:33.089 [Test worker] INFO  com.zaxxer.hikari.HikariDataSource [traceId=,spanId=,component=,userId=] - HikariPool-1 - Start completed.
2025-05-10 00:30:33.126 [Test worker] WARN  org.hibernate.orm.deprecation [traceId=,spanId=,component=,userId=] - HHH90000025: MySQL8Dialect does not need to be specified explicitly using 'hibernate.dialect' (remove the property setting and it will be selected by default)
2025-05-10 00:30:33.128 [Test worker] WARN  org.hibernate.orm.deprecation [traceId=,spanId=,component=,userId=] - HHH90000026: MySQL8Dialect has been deprecated; use org.hibernate.dialect.MySQLDialect instead
2025-05-10 00:30:33.989 [Test worker] INFO  o.s.o.j.LocalContainerEntityManagerFactoryBean [traceId=,spanId=,component=,userId=] - Initialized JPA EntityManagerFactory for persistence unit 'default'
2025-05-10 00:30:34.318 [Test worker] WARN  o.s.b.a.o.j.JpaBaseConfiguration$JpaWebConfiguration [traceId=,spanId=,component=,userId=] - spring.jpa.open-in-view is enabled by default. Therefore, database queries may be performed during view rendering. Explicitly configure spring.jpa.open-in-view to disable this warning
2025-05-10 00:30:34.518 [Test worker] INFO  o.s.s.c.a.a.c.InitializeUserDetailsBeanManagerConfigurer$InitializeUserDetailsManagerConfigurer [traceId=,spanId=,component=,userId=] - Global AuthenticationManager configured with UserDetailsService bean with name userDetailsService
2025-05-10 00:30:35.231 [Test worker] INFO  c.e.t.TemplateApplicationTests [traceId=,spanId=,component=,userId=] - Started TemplateApplicationTests in 4.457 seconds (process running for 6.593)
2025-05-10 00:30:35.274 [SpringApplicationShutdownHook] INFO  o.s.o.j.LocalContainerEntityManagerFactoryBean [traceId=,spanId=,component=,userId=] - Closing JPA EntityManagerFactory for persistence unit 'default'
2025-05-10 00:30:35.276 [SpringApplicationShutdownHook] INFO  com.zaxxer.hikari.HikariDataSource [traceId=,spanId=,component=,userId=] - HikariPool-1 - Shutdown initiated...
2025-05-10 00:30:35.288 [SpringApplicationShutdownHook] INFO  com.zaxxer.hikari.HikariDataSource [traceId=,spanId=,component=,userId=] - HikariPool-1 - Shutdown completed.
2025-05-10 00:31:21.946 [Test worker] INFO  c.e.t.TemplateApplicationTests [traceId=,spanId=,component=,userId=] - Starting TemplateApplicationTests using Java 17.0.14 with PID 9564 (started by developer in C:\shared\github\srinivaspt\code-templates)
2025-05-10 00:31:21.952 [Test worker] INFO  c.e.t.TemplateApplicationTests [traceId=,spanId=,component=,userId=] - No active profile set, falling back to 1 default profile: "default"
2025-05-10 00:31:22.792 [Test worker] INFO  o.s.d.r.c.RepositoryConfigurationDelegate [traceId=,spanId=,component=,userId=] - Bootstrapping Spring Data JPA repositories in DEFAULT mode.
2025-05-10 00:31:22.873 [Test worker] INFO  o.s.d.r.c.RepositoryConfigurationDelegate [traceId=,spanId=,component=,userId=] - Finished Spring Data repository scanning in 64 ms. Found 1 JPA repository interface.
2025-05-10 00:31:23.599 [Test worker] INFO  o.s.o.j.p.SpringPersistenceUnitInfo [traceId=,spanId=,component=,userId=] - No LoadTimeWeaver setup: ignoring JPA class transformer
2025-05-10 00:31:23.638 [Test worker] INFO  com.zaxxer.hikari.HikariDataSource [traceId=,spanId=,component=,userId=] - HikariPool-1 - Starting...
2025-05-10 00:31:23.932 [Test worker] INFO  com.zaxxer.hikari.pool.HikariPool [traceId=,spanId=,component=,userId=] - HikariPool-1 - Added connection com.mysql.cj.jdbc.ConnectionImpl@2a79da3a
2025-05-10 00:31:23.935 [Test worker] INFO  com.zaxxer.hikari.HikariDataSource [traceId=,spanId=,component=,userId=] - HikariPool-1 - Start completed.
2025-05-10 00:31:23.977 [Test worker] WARN  org.hibernate.orm.deprecation [traceId=,spanId=,component=,userId=] - HHH90000025: MySQL8Dialect does not need to be specified explicitly using 'hibernate.dialect' (remove the property setting and it will be selected by default)
2025-05-10 00:31:23.978 [Test worker] WARN  org.hibernate.orm.deprecation [traceId=,spanId=,component=,userId=] - HHH90000026: MySQL8Dialect has been deprecated; use org.hibernate.dialect.MySQLDialect instead
2025-05-10 00:31:24.913 [Test worker] INFO  o.s.o.j.LocalContainerEntityManagerFactoryBean [traceId=,spanId=,component=,userId=] - Initialized JPA EntityManagerFactory for persistence unit 'default'
2025-05-10 00:31:25.247 [Test worker] WARN  o.s.b.a.o.j.JpaBaseConfiguration$JpaWebConfiguration [traceId=,spanId=,component=,userId=] - spring.jpa.open-in-view is enabled by default. Therefore, database queries may be performed during view rendering. Explicitly configure spring.jpa.open-in-view to disable this warning
2025-05-10 00:31:25.428 [Test worker] INFO  o.s.s.c.a.a.c.InitializeUserDetailsBeanManagerConfigurer$InitializeUserDetailsManagerConfigurer [traceId=,spanId=,component=,userId=] - Global AuthenticationManager configured with UserDetailsService bean with name userDetailsService
2025-05-10 00:31:26.206 [Test worker] INFO  c.e.t.TemplateApplicationTests [traceId=,spanId=,component=,userId=] - Started TemplateApplicationTests in 4.649 seconds (process running for 6.862)
2025-05-10 00:31:26.251 [SpringApplicationShutdownHook] INFO  o.s.o.j.LocalContainerEntityManagerFactoryBean [traceId=,spanId=,component=,userId=] - Closing JPA EntityManagerFactory for persistence unit 'default'
2025-05-10 00:31:26.254 [SpringApplicationShutdownHook] INFO  com.zaxxer.hikari.HikariDataSource [traceId=,spanId=,component=,userId=] - HikariPool-1 - Shutdown initiated...
2025-05-10 00:31:26.262 [SpringApplicationShutdownHook] INFO  com.zaxxer.hikari.HikariDataSource [traceId=,spanId=,component=,userId=] - HikariPool-1 - Shutdown completed.
